<?xml version="1.0" encoding="UTF-8"?>
<!-- Generated by org.testng.reporters.JUnitReportReporter -->
<testsuite skipped="0" hostname="san3149591" name="SuiteA.TestA3" tests="1" failures="0" timestamp="17 Jun 2020 06:23:41 GMT" time="2.010" errors="0">
  <testcase name="testA1" time="2.010" classname="SuiteA.TestA3"/>
</testsuite> <!-- SuiteA.TestA3 -->
